<?xml version="1.0" encoding="UTF-8"?>
<testsuites name="Basic browser operations" time="70.771" tests="1" failures="0" errors="0">
   <testsuite name="Basic browser operations" tests="1" failures="0" errors="0" time="70.771" skipped="0" timestamp="04-12-2023T01:05:59" hostname="KalpanaKukreja - RC-IND-4BYDRG3" id="Test Suites/Basic browser operations">
      <properties>
[...]
</properties>
      <testcase name="Test Cases/Browser Operations in Katalon/TC_001 -Basic browser operations" time="70.46" classname="Test Cases/Browser Operations in Katalon/TC_001 -Basic browser operations" status="PASSED">
         <system-out><![CDATA[04-12-2023T01:05:59 - [TEST_CASE][PASSED] - Test Cases/Browser Operations in Katalon/TC_001 -Basic browser operations: Test Cases/Browser Operations in Katalon/TC_001 -Basic browser operations

04-12-2023T01:05:59 - [TEST_STEP][PASSED] - openBrowser("https://katalon-demo-cura.herokuapp.com/"): Browser is opened with url: 'https://katalon-demo-cura.herokuapp.com/'

04-12-2023T01:06:00 - [MESSAGE][INFO] - User set preference: ['os', 'windows']

04-12-2023T01:06:00 - [MESSAGE][INFO] - User set preference: ['browserName', 'msedge']

04-12-2023T01:06:00 - [MESSAGE][INFO] - User set preference: ['browserVersion', '117']

04-12-2023T01:06:00 - [MESSAGE][INFO] - User set preference: ['katalon:option', '{organizationId=167916, tunnelId=, usingTunnel=false}']

04-12-2023T01:06:00 - [MESSAGE][INFO] - Connecting to remote web server 'testcloud.katalon.com/hub' with type 'Selenium'

04-12-2023T01:06:00 - [MESSAGE][INFO] - Action delay is set to 0 milliseconds

04-12-2023T01:06:47 - [MESSAGE][PASSED] - Browser is opened with url: 'https://katalon-demo-cura.herokuapp.com/'

04-12-2023T01:06:47 - [TEST_STEP][PASSED] - maximizeWindow(): Current window maximized

04-12-2023T01:06:47 - [MESSAGE][PASSED] - Current window maximized

04-12-2023T01:06:47 - [TEST_STEP][PASSED] - delay(3): Delayed 3 second(s)

04-12-2023T01:06:50 - [MESSAGE][PASSED] - Delayed 3 second(s)

04-12-2023T01:06:50 - [TEST_STEP][PASSED] - refresh(): Refresh successfully

04-12-2023T01:06:51 - [MESSAGE][PASSED] - Refresh successfully

04-12-2023T01:06:51 - [TEST_STEP][PASSED] - delay(3): Delayed 3 second(s)

04-12-2023T01:06:54 - [MESSAGE][PASSED] - Delayed 3 second(s)

04-12-2023T01:06:54 - [TEST_STEP][PASSED] - click(findTestObject("Page_CURA Healthcare Service/a_Make Appointment")): Object: 'Object Repository/Page_CURA Healthcare Service/a_Make Appointment' is clicked on

04-12-2023T01:06:58 - [MESSAGE][PASSED] - Object: 'Object Repository/Page_CURA Healthcare Service/a_Make Appointment' is clicked on

04-12-2023T01:06:58 - [TEST_STEP][PASSED] - delay(3): Delayed 3 second(s)

04-12-2023T01:07:01 - [MESSAGE][PASSED] - Delayed 3 second(s)

04-12-2023T01:07:01 - [TEST_STEP][PASSED] - back(): Navigate back successfully

04-12-2023T01:07:02 - [MESSAGE][PASSED] - Navigate back successfully

04-12-2023T01:07:02 - [TEST_STEP][PASSED] - delay(3): Delayed 3 second(s)

04-12-2023T01:07:05 - [MESSAGE][PASSED] - Delayed 3 second(s)

04-12-2023T01:07:05 - [TEST_STEP][PASSED] - forward(): Navigate forward successfully

04-12-2023T01:07:06 - [MESSAGE][PASSED] - Navigate forward successfully

04-12-2023T01:07:06 - [TEST_STEP][PASSED] - delay(2): Delayed 2 second(s)

04-12-2023T01:07:08 - [MESSAGE][PASSED] - Delayed 2 second(s)

04-12-2023T01:07:08 - [TEST_STEP][PASSED] - closeBrowser(): Browser is closed

04-12-2023T01:07:10 - [MESSAGE][PASSED] - Browser is closed]]></system-out>
         <system-err><![CDATA[]]></system-err>
      </testcase>
      <system-out><![CDATA[04-12-2023T01:05:59 - [TEST_SUITE][PASSED] - Basic browser operations: Test Cases/Browser Operations in Katalon/TC_001 -Basic browser operations]]></system-out>
      <system-err><![CDATA[]]></system-err>
   </testsuite>
</testsuites>
