<?xml version="1.0" encoding="UTF-8"?>
<testsuites name="Browser operation testSuite collection" time="173.913" tests="2" failures="0" errors="0">
   <testsuite name="Basic browser operations" tests="1" failures="0" errors="0" time="59.944" skipped="0" timestamp="2023-12-28 23:58:41" hostname="KalpanaKukreja - RC-IND-4BYDRG3" id="Test Suites/Basic browser operations">
      <properties>
[...]
</properties>
      <testcase name="Test Cases/Browser Operations in Katalon/TC_001 -Basic browser operations" time="59.572" classname="Test Cases/Browser Operations in Katalon/TC_001 -Basic browser operations" status="PASSED">
         <system-out><![CDATA[2023-12-28 23:58:41 - [TEST_CASE][PASSED] - Test Cases/Browser Operations in Katalon/TC_001 -Basic browser operations: Test Cases/Browser Operations in Katalon/TC_001 -Basic browser operations

2023-12-28 23:58:42 - [TEST_STEP][PASSED] - openBrowser("https://katalon-demo-cura.herokuapp.com/"): Browser is opened with url: 'https://katalon-demo-cura.herokuapp.com/'

2023-12-28 23:58:42 - [MESSAGE][INFO] - User set preference: ['os', 'windows']

2023-12-28 23:58:42 - [MESSAGE][INFO] - User set preference: ['browserName', 'chrome']

2023-12-28 23:58:42 - [MESSAGE][INFO] - User set preference: ['browserVersion', '117']

2023-12-28 23:58:42 - [MESSAGE][INFO] - User set preference: ['katalon:option', '{organizationId=167916, tunnelId=, usingTunnel=false}']

2023-12-28 23:58:42 - [MESSAGE][INFO] - Connecting to remote web server 'testcloud.katalon.com/hub' with type 'Selenium'

2023-12-28 23:58:43 - [MESSAGE][INFO] - Action delay is set to 0 milliseconds

2023-12-28 23:59:19 - [MESSAGE][PASSED] - Browser is opened with url: 'https://katalon-demo-cura.herokuapp.com/'

2023-12-28 23:59:19 - [TEST_STEP][PASSED] - maximizeWindow(): Current window maximized

2023-12-28 23:59:20 - [MESSAGE][PASSED] - Current window maximized

2023-12-28 23:59:20 - [TEST_STEP][PASSED] - delay(3): Delayed 3 second(s)

2023-12-28 23:59:23 - [MESSAGE][PASSED] - Delayed 3 second(s)

2023-12-28 23:59:23 - [TEST_STEP][PASSED] - refresh(): Refresh successfully

2023-12-28 23:59:24 - [MESSAGE][PASSED] - Refresh successfully

2023-12-28 23:59:24 - [TEST_STEP][PASSED] - delay(3): Delayed 3 second(s)

2023-12-28 23:59:27 - [MESSAGE][PASSED] - Delayed 3 second(s)

2023-12-28 23:59:27 - [TEST_STEP][PASSED] - click(findTestObject("Page_CURA Healthcare Service/a_Make Appointment")): Object: 'Object Repository/Page_CURA Healthcare Service/a_Make Appointment' is clicked on

2023-12-28 23:59:30 - [MESSAGE][PASSED] - Object: 'Object Repository/Page_CURA Healthcare Service/a_Make Appointment' is clicked on

2023-12-28 23:59:30 - [TEST_STEP][PASSED] - delay(3): Delayed 3 second(s)

2023-12-28 23:59:33 - [MESSAGE][PASSED] - Delayed 3 second(s)

2023-12-28 23:59:33 - [TEST_STEP][PASSED] - back(): Navigate back successfully

2023-12-28 23:59:34 - [MESSAGE][PASSED] - Navigate back successfully

2023-12-28 23:59:34 - [TEST_STEP][PASSED] - delay(3): Delayed 3 second(s)

2023-12-28 23:59:37 - [MESSAGE][PASSED] - Delayed 3 second(s)

2023-12-28 23:59:37 - [TEST_STEP][PASSED] - forward(): Navigate forward successfully

2023-12-28 23:59:37 - [MESSAGE][PASSED] - Navigate forward successfully

2023-12-28 23:59:37 - [TEST_STEP][PASSED] - delay(2): Delayed 2 second(s)

2023-12-28 23:59:39 - [MESSAGE][PASSED] - Delayed 2 second(s)

2023-12-28 23:59:39 - [TEST_STEP][PASSED] - closeBrowser(): Browser is closed

2023-12-28 23:59:41 - [MESSAGE][PASSED] - Browser is closed]]></system-out>
         <system-err><![CDATA[]]></system-err>
      </testcase>
      <system-out><![CDATA[2023-12-28 23:58:41 - [TEST_SUITE][PASSED] - Basic browser operations: Test Cases/Browser Operations in Katalon/TC_001 -Basic browser operations]]></system-out>
      <system-err><![CDATA[]]></system-err>
   </testsuite>
   <testsuite name="Basic browser operations" tests="1" failures="0" errors="0" time="71.665" skipped="0" timestamp="2023-12-29 00:00:03" hostname="KalpanaKukreja - RC-IND-4BYDRG3" id="Test Suites/Basic browser operations">
      <properties>
[...]
</properties>
      <testcase name="Test Cases/Browser Operations in Katalon/TC_001 -Basic browser operations" time="71.426" classname="Test Cases/Browser Operations in Katalon/TC_001 -Basic browser operations" status="PASSED">
         <system-out><![CDATA[2023-12-29 00:00:03 - [TEST_CASE][PASSED] - Test Cases/Browser Operations in Katalon/TC_001 -Basic browser operations: Test Cases/Browser Operations in Katalon/TC_001 -Basic browser operations

2023-12-29 00:00:03 - [TEST_STEP][PASSED] - openBrowser("https://katalon-demo-cura.herokuapp.com/"): Browser is opened with url: 'https://katalon-demo-cura.herokuapp.com/'

2023-12-29 00:00:04 - [MESSAGE][INFO] - User set preference: ['browserName', 'chrome']

2023-12-29 00:00:04 - [MESSAGE][INFO] - User set preference: ['platformName', 'Android']

2023-12-29 00:00:04 - [MESSAGE][INFO] - User set preference: ['browserVersion', 'latest']

2023-12-29 00:00:04 - [MESSAGE][INFO] - User set preference: ['deviceName', 'Samsung Samsung Galaxy Tab S9 Ultra']

2023-12-29 00:00:04 - [MESSAGE][INFO] - User set preference: ['platformVersion', '13']

2023-12-29 00:00:04 - [MESSAGE][INFO] - User set preference: ['deviceId', 'samsung_galaxy_tab_s9_ultra']

2023-12-29 00:00:04 - [MESSAGE][INFO] - User set preference: ['katalon:option', '{organizationId=167916, tunnelId=, deviceVersion=13, deviceId=samsung_galaxy_tab_s9_ultra, usingTunnel=false}']

2023-12-29 00:00:04 - [MESSAGE][INFO] - Connecting to remote web server 'testcloud.katalon.com/hub' with type 'Selenium'

2023-12-29 00:00:04 - [MESSAGE][INFO] - Action delay is set to 0 milliseconds

2023-12-29 00:00:51 - [MESSAGE][PASSED] - Browser is opened with url: 'https://katalon-demo-cura.herokuapp.com/'

2023-12-29 00:00:51 - [TEST_STEP][PASSED] - maximizeWindow(): Current window maximized

2023-12-29 00:00:52 - [MESSAGE][PASSED] - Current window maximized

2023-12-29 00:00:52 - [TEST_STEP][PASSED] - delay(3): Delayed 3 second(s)

2023-12-29 00:00:55 - [MESSAGE][PASSED] - Delayed 3 second(s)

2023-12-29 00:00:55 - [TEST_STEP][PASSED] - refresh(): Refresh successfully

2023-12-29 00:00:56 - [MESSAGE][PASSED] - Refresh successfully

2023-12-29 00:00:56 - [TEST_STEP][PASSED] - delay(3): Delayed 3 second(s)

2023-12-29 00:00:59 - [MESSAGE][PASSED] - Delayed 3 second(s)

2023-12-29 00:00:59 - [TEST_STEP][PASSED] - click(findTestObject("Page_CURA Healthcare Service/a_Make Appointment")): Object: 'Object Repository/Page_CURA Healthcare Service/a_Make Appointment' is clicked on

2023-12-29 00:01:02 - [MESSAGE][PASSED] - Object: 'Object Repository/Page_CURA Healthcare Service/a_Make Appointment' is clicked on

2023-12-29 00:01:02 - [TEST_STEP][PASSED] - delay(3): Delayed 3 second(s)

2023-12-29 00:01:05 - [MESSAGE][PASSED] - Delayed 3 second(s)

2023-12-29 00:01:05 - [TEST_STEP][PASSED] - back(): Navigate back successfully

2023-12-29 00:01:07 - [MESSAGE][PASSED] - Navigate back successfully

2023-12-29 00:01:07 - [TEST_STEP][PASSED] - delay(3): Delayed 3 second(s)

2023-12-29 00:01:10 - [MESSAGE][PASSED] - Delayed 3 second(s)

2023-12-29 00:01:10 - [TEST_STEP][PASSED] - forward(): Navigate forward successfully

2023-12-29 00:01:11 - [MESSAGE][PASSED] - Navigate forward successfully

2023-12-29 00:01:11 - [TEST_STEP][PASSED] - delay(2): Delayed 2 second(s)

2023-12-29 00:01:13 - [MESSAGE][PASSED] - Delayed 2 second(s)

2023-12-29 00:01:13 - [TEST_STEP][PASSED] - closeBrowser(): Browser is closed

2023-12-29 00:01:14 - [MESSAGE][PASSED] - Browser is closed]]></system-out>
         <system-err><![CDATA[]]></system-err>
      </testcase>
      <system-out><![CDATA[2023-12-29 00:00:03 - [TEST_SUITE][PASSED] - Basic browser operations: Test Cases/Browser Operations in Katalon/TC_001 -Basic browser operations]]></system-out>
      <system-err><![CDATA[]]></system-err>
   </testsuite>
</testsuites>
