<?xml version="1.0" encoding="UTF-8"?>
<testsuites name="Basic browser operations" time="50.78" tests="1" failures="0" errors="0">
   <testsuite name="Basic browser operations" tests="1" failures="0" errors="0" time="50.78" skipped="0" timestamp="2023-12-29 00:06:58" hostname="KalpanaKukreja - RC-IND-4BYDRG3" id="Test Suites/Basic browser operations">
      <properties>
[...]
</properties>
      <testcase name="Test Cases/Browser Operations in Katalon/TC_001 -Basic browser operations" time="50.508" classname="Test Cases/Browser Operations in Katalon/TC_001 -Basic browser operations" status="PASSED">
         <system-out><![CDATA[2023-12-29 00:06:58 - [TEST_CASE][PASSED] - Test Cases/Browser Operations in Katalon/TC_001 -Basic browser operations: Test Cases/Browser Operations in Katalon/TC_001 -Basic browser operations

2023-12-29 00:06:59 - [TEST_STEP][PASSED] - openBrowser("https://katalon-demo-cura.herokuapp.com/"): Browser is opened with url: 'https://katalon-demo-cura.herokuapp.com/'

2023-12-29 00:06:59 - [MESSAGE][INFO] - User set preference: ['os', 'windows']

2023-12-29 00:06:59 - [MESSAGE][INFO] - User set preference: ['browserName', 'chrome']

2023-12-29 00:06:59 - [MESSAGE][INFO] - User set preference: ['browserVersion', '117']

2023-12-29 00:06:59 - [MESSAGE][INFO] - User set preference: ['katalon:option', '{organizationId=167916, tunnelId=, usingTunnel=false}']

2023-12-29 00:06:59 - [MESSAGE][INFO] - Connecting to remote web server 'testcloud.katalon.com/hub' with type 'Selenium'

2023-12-29 00:07:00 - [MESSAGE][INFO] - Action delay is set to 0 milliseconds

2023-12-29 00:07:28 - [MESSAGE][PASSED] - Browser is opened with url: 'https://katalon-demo-cura.herokuapp.com/'

2023-12-29 00:07:28 - [TEST_STEP][PASSED] - maximizeWindow(): Current window maximized

2023-12-29 00:07:28 - [MESSAGE][PASSED] - Current window maximized

2023-12-29 00:07:28 - [TEST_STEP][PASSED] - delay(3): Delayed 3 second(s)

2023-12-29 00:07:31 - [MESSAGE][PASSED] - Delayed 3 second(s)

2023-12-29 00:07:31 - [TEST_STEP][PASSED] - refresh(): Refresh successfully

2023-12-29 00:07:32 - [MESSAGE][PASSED] - Refresh successfully

2023-12-29 00:07:32 - [TEST_STEP][PASSED] - delay(3): Delayed 3 second(s)

2023-12-29 00:07:35 - [MESSAGE][PASSED] - Delayed 3 second(s)

2023-12-29 00:07:35 - [TEST_STEP][PASSED] - click(findTestObject("Page_CURA Healthcare Service/a_Make Appointment")): Object: 'Object Repository/Page_CURA Healthcare Service/a_Make Appointment' is clicked on

2023-12-29 00:07:38 - [MESSAGE][PASSED] - Object: 'Object Repository/Page_CURA Healthcare Service/a_Make Appointment' is clicked on

2023-12-29 00:07:38 - [TEST_STEP][PASSED] - delay(3): Delayed 3 second(s)

2023-12-29 00:07:41 - [MESSAGE][PASSED] - Delayed 3 second(s)

2023-12-29 00:07:41 - [TEST_STEP][PASSED] - back(): Navigate back successfully

2023-12-29 00:07:42 - [MESSAGE][PASSED] - Navigate back successfully

2023-12-29 00:07:42 - [TEST_STEP][PASSED] - delay(3): Delayed 3 second(s)

2023-12-29 00:07:45 - [MESSAGE][PASSED] - Delayed 3 second(s)

2023-12-29 00:07:45 - [TEST_STEP][PASSED] - forward(): Navigate forward successfully

2023-12-29 00:07:46 - [MESSAGE][PASSED] - Navigate forward successfully

2023-12-29 00:07:46 - [TEST_STEP][PASSED] - delay(2): Delayed 2 second(s)

2023-12-29 00:07:48 - [MESSAGE][PASSED] - Delayed 2 second(s)

2023-12-29 00:07:48 - [TEST_STEP][PASSED] - closeBrowser(): Browser is closed

2023-12-29 00:07:49 - [MESSAGE][PASSED] - Browser is closed]]></system-out>
         <system-err><![CDATA[]]></system-err>
      </testcase>
      <system-out><![CDATA[2023-12-29 00:06:58 - [TEST_SUITE][PASSED] - Basic browser operations: Test Cases/Browser Operations in Katalon/TC_001 -Basic browser operations]]></system-out>
      <system-err><![CDATA[]]></system-err>
   </testsuite>
</testsuites>
